<?xml version="1.0" encoding="UTF-8"?>
<!-- Generated by org.testng.reporters.JUnitReportReporter -->
<testsuite hostname="USPL5VDR0L2" name="apptest.WP_CadastroEmBranco"
	tests="1" failures="0" timestamp="13 Sep 2018 18:48:30 GMT" time="85.852"
	errors="0">
	<testcase name="testedecadastrobrancoQA" time="85.852"
		classname="apptest.WP_CadastroEmBranco" />
</testsuite> <!-- apptest.WP_CadastroEmBranco -->
