<?xml version="1.0" encoding="UTF-8"?>
<!-- Generated by org.testng.reporters.JUnitReportReporter -->
<testsuite hostname="USPL5VDR0L2" name="apptest.WP_InstalacaoApp"
	tests="1" failures="0" timestamp="4 Apr 2018 14:52:17 GMT" time="22.870"
	errors="0">
	<testcase name="instalar" time="22.870" classname="apptest.WP_InstalacaoApp" />
</testsuite> <!-- apptest.WP_InstalacaoApp -->
