<?xml version="1.0" encoding="UTF-8"?>
<!-- Generated by org.testng.reporters.JUnitReportReporter -->
<testsuite hostname="USPL5VDR0L2"
	name="com.experitest.auto.cadastro_campos_inválidos" tests="1"
	failures="0" timestamp="2 Mar 2018 11:08:18 GMT" time="172.894" errors="0">
	<testcase name="testTeste_cadastro_campos_invalidos" time="172.894"
		classname="com.experitest.auto.cadastro_campos_inválidos" />
</testsuite> <!-- com.experitest.auto.cadastro_campos_inválidos -->
