<?xml version="1.0" encoding="UTF-8"?>
<!-- Generated by org.testng.reporters.JUnitReportReporter -->
<testsuite hostname="USPL5VDR0L2"
	name="com.experitest.auto.cadastro_campos_em_branco" tests="1"
	failures="0" timestamp="2 Mar 2018 11:18:29 GMT" time="144.167" errors="0">
	<testcase name="testTeste_de_cadastro_campos_em_branco" time="144.167"
		classname="com.experitest.auto.cadastro_campos_em_branco" />
</testsuite> <!-- com.experitest.auto.cadastro_campos_em_branco -->
