<?xml version="1.0" encoding="UTF-8"?>
<!-- Generated by org.testng.reporters.JUnitReportReporter -->
<testsuite hostname="USPL5VDR0L2" name="apptest.WP_CadastroInvalido"
	tests="1" failures="0" timestamp="11 Oct 2018 17:36:20 GMT" time="128.535"
	errors="0">
	<testcase name="testecadastroinvalido" time="128.535"
		classname="apptest.WP_CadastroInvalido" />
</testsuite> <!-- apptest.WP_CadastroInvalido -->
