<?xml version="1.0" encoding="UTF-8"?>
<!-- Generated by org.testng.reporters.JUnitReportReporter -->
<testsuite hostname="USPL5VDR0L2" name="apptest.TesteDoCaio"
	tests="1" failures="0" timestamp="30 Aug 2018 19:08:22 GMT" time="112.869"
	errors="0">
	<testcase name="testeLogin" time="112.869" classname="apptest.TesteDoCaio" />
</testsuite> <!-- apptest.TesteDoCaio -->
