<?xml version="1.0" encoding="UTF-8"?>
<!-- Generated by org.testng.reporters.JUnitReportReporter -->
<testsuite hostname="USPL5VDR0L2"
	name="com.testes.cadastro.login.password.WP_CadastroEmBranco" tests="1"
	failures="0" timestamp="6 Mar 2018 13:15:40 GMT" time="78.783" errors="0">
	<testcase name="testTeste_de_cadastro_campos_em_branco" time="78.783"
		classname="com.testes.cadastro.login.password.WP_CadastroEmBranco" />
</testsuite> <!-- com.testes.cadastro.login.password.WP_CadastroEmBranco -->
