<?xml version="1.0" encoding="UTF-8"?>
<!-- Generated by org.testng.reporters.JUnitReportReporter -->
<testsuite hostname="USPL5VDR0L2" name="apptest.CopyofWP_EmporioDaCerveja"
	tests="1" failures="0" timestamp="2 Oct 2018 12:08:36 GMT" time="264.485"
	errors="0">
	<testcase name="testeemporiodacerveja" time="264.485"
		classname="apptest.CopyofWP_EmporioDaCerveja" />
</testsuite> <!-- apptest.CopyofWP_EmporioDaCerveja -->
