<?xml version="1.0" encoding="UTF-8"?>
<!-- Generated by org.testng.reporters.JUnitReportReporter -->
<testsuite hostname="USPL5VDR0L2" name="apptest.WP_LoginIOS"
	tests="1" failures="0" timestamp="12 Apr 2018 12:51:51 GMT" time="144.108"
	errors="0">
	<testcase name="testeloginios" time="144.108" classname="apptest.WP_LoginIOS" />
</testsuite> <!-- apptest.WP_LoginIOS -->
