<?xml version="1.0" encoding="UTF-8"?>
<!-- Generated by org.testng.reporters.JUnitReportReporter -->
<testsuite hostname="USPL5VDR0L2" name="apptest.WP_Marketplace"
	tests="1" failures="0" timestamp="21 Mar 2018 12:21:17 GMT" time="265.490"
	errors="0">
	<testcase name="testeMarketplace" time="265.490"
		classname="apptest.WP_Marketplace" />
</testsuite> <!-- apptest.WP_Marketplace -->
