<?xml version="1.0" encoding="UTF-8"?>
<!-- Generated by org.testng.reporters.JUnitReportReporter -->
<testsuite hostname="USPL5VDR0L2"
	name="com.testes.cadastro.login.password.WP_RecuperarSenha" tests="1"
	failures="0" timestamp="6 Mar 2018 15:57:17 GMT" time="198.965" errors="0">
	<testcase name="testTeste_recuperar_senha_e_logar" time="198.965"
		classname="com.testes.cadastro.login.password.WP_RecuperarSenha" />
</testsuite> <!-- com.testes.cadastro.login.password.WP_RecuperarSenha -->
