<?xml version="1.0" encoding="UTF-8"?>
<!-- Generated by org.testng.reporters.JUnitReportReporter -->
<testsuite hostname="USPL5VDR0L2" name="WP_CadastroEmBranco"
	tests="1" failures="0" timestamp="7 Mar 2018 19:41:34 GMT" time="84.275"
	errors="0">
	<testcase name="testTeste_de_cadastro_campos_em_branco" time="84.275"
		classname="WP_CadastroEmBranco" />
</testsuite> <!-- WP_CadastroEmBranco -->
