<?xml version="1.0" encoding="UTF-8"?>
<!-- Generated by org.testng.reporters.JUnitReportReporter -->
<testsuite hostname="USPL5VDR0L2"
	name="com.experitest.auto.Teste_recuperar_senha" tests="1" failures="0"
	timestamp="2 Mar 2018 11:54:16 GMT" time="189.320" errors="0">
	<testcase name="testTeste_recuperar_senha_e_logar" time="189.320"
		classname="com.experitest.auto.Teste_recuperar_senha" />
</testsuite> <!-- com.experitest.auto.Teste_recuperar_senha -->
