<?xml version="1.0" encoding="UTF-8"?>
<!-- Generated by org.testng.reporters.JUnitReportReporter -->
<testsuite hostname="USPL5VDR0L2" name="apptest.WP_ValorMinimo"
	tests="1" failures="0" timestamp="23 Jul 2018 18:02:50 GMT" time="229.142"
	errors="0">
	<testcase name="test_SemDistribuidor" time="229.142"
		classname="apptest.WP_ValorMinimo" />
</testsuite> <!-- apptest.WP_ValorMinimo -->
