<?xml version="1.0" encoding="UTF-8"?>
<!-- Generated by org.testng.reporters.JUnitReportReporter -->
<testsuite hostname="USPL5VDR0L2" name="test.WP_CadastroEmBranco"
	tests="1" failures="0" timestamp="7 Mar 2018 19:13:37 GMT" time="89.905"
	errors="0">
	<testcase name="testTeste_de_cadastro_campos_em_branco" time="89.905"
		classname="test.WP_CadastroEmBranco" />
</testsuite> <!-- test.WP_CadastroEmBranco -->
