<?xml version="1.0" encoding="UTF-8"?>
<!-- Generated by org.testng.reporters.JUnitReportReporter -->
<testsuite hostname="USPL5VDR0L2" name="apptest.IOSTest"
	tests="1" failures="0" timestamp="19 Mar 2018 18:25:36 GMT" time="171.879"
	errors="0">
	<testcase name="test" time="171.879" classname="apptest.IOSTest" />
</testsuite> <!-- apptest.IOSTest -->
